2025-01-30 21:27:47,267 - INFO - Started model training pipeline
2025-01-30 21:27:47,399 - INFO - Data loaded from data/B3DB_processed/processed.cut.min.json
2025-01-30 21:27:47,580 - INFO - Preprocessed DataFrame shape: (7807, 53)
2025-01-30 21:27:47,598 - INFO - Class distribution after cleaning:
BBB
BBB+    4956
BBB-    2851
Name: count, dtype: int64
2025-01-30 21:27:47,599 - INFO - Labels encoded successfully.
2025-01-30 21:27:49,526 - INFO - KNN imputation on 987 numeric columns in training set.
2025-01-30 21:27:50,471 - INFO - All missing values imputed successfully.
2025-01-30 21:27:53,311 - INFO - Processed training features saved at o/75opt-smote/processed_train_features.csv
2025-01-30 21:27:53,344 - INFO - Starting XGBoost training.
2025-01-30 21:27:57,442 - INFO - XGBoost training complete.
2025-01-30 21:27:57,445 - INFO - Evaluating model.
2025-01-30 21:27:57,533 - INFO - Model evaluation complete.
2025-01-30 21:27:57,601 - INFO - Starting XGBoost training.
2025-01-30 21:28:01,765 - INFO - XGBoost training complete.
2025-01-30 21:28:01,768 - INFO - Evaluating model.
2025-01-30 21:28:01,960 - INFO - Model evaluation complete.
2025-01-30 21:28:02,035 - INFO - Starting XGBoost training.
2025-01-30 21:28:06,544 - INFO - XGBoost training complete.
2025-01-30 21:28:06,547 - INFO - Evaluating model.
2025-01-30 21:28:06,634 - INFO - Model evaluation complete.
2025-01-30 21:28:06,695 - INFO - Starting XGBoost training.
2025-01-30 21:28:10,918 - INFO - XGBoost training complete.
2025-01-30 21:28:10,927 - INFO - Evaluating model.
2025-01-30 21:28:11,018 - INFO - Model evaluation complete.
2025-01-30 21:28:11,146 - INFO - Starting XGBoost training.
2025-01-30 21:28:15,405 - INFO - XGBoost training complete.
2025-01-30 21:28:15,408 - INFO - Evaluating model.
2025-01-30 21:28:15,501 - INFO - Model evaluation complete.
2025-01-30 21:28:15,555 - INFO - Starting XGBoost training.
2025-01-30 21:28:16,587 - INFO - XGBoost training complete.
2025-01-30 21:28:16,589 - INFO - Evaluating model.
2025-01-30 21:28:16,666 - INFO - Model evaluation complete.
2025-01-30 21:28:16,701 - INFO - Starting XGBoost training.
2025-01-30 21:28:20,682 - INFO - XGBoost training complete.
2025-01-30 21:28:20,684 - INFO - Evaluating model.
2025-01-30 21:28:20,762 - INFO - Model evaluation complete.
2025-01-30 21:28:20,855 - INFO - Starting XGBoost training.
2025-01-30 21:28:24,720 - INFO - XGBoost training complete.
2025-01-30 21:28:24,724 - INFO - Evaluating model.
2025-01-30 21:28:24,810 - INFO - Model evaluation complete.
2025-01-30 21:28:24,892 - INFO - Starting XGBoost training.
2025-01-30 21:28:28,974 - INFO - XGBoost training complete.
2025-01-30 21:28:28,980 - INFO - Evaluating model.
2025-01-30 21:28:29,060 - INFO - Model evaluation complete.
2025-01-30 21:28:29,100 - INFO - Starting XGBoost training.
2025-01-30 21:28:33,063 - INFO - XGBoost training complete.
2025-01-30 21:28:33,067 - INFO - Evaluating model.
2025-01-30 21:28:33,147 - INFO - Model evaluation complete.
2025-01-30 21:28:33,149 - INFO - K-fold cross-validation results saved to: o/75opt-smote/cross_validation_results.csv
2025-01-30 21:28:33,149 - INFO - Average CV metrics across 10 folds: {'AUC': 0.9692386858046923, 'MCC': 0.8163343576458573, 'F1 Score': 0.9051651798111255, 'TP': 350.5, 'TN': 369.0, 'FP': 27.4, 'FN': 45.9, 'Sensitivity (SN%)': 88.42003154975448, 'Specificity (SP%)': 93.08735974353102, 'fold': 5.5}
2025-01-30 21:28:33,149 - INFO - Optuna optimization for f1
2025-01-31 00:51:34,831 - INFO - Starting XGBoost training.
2025-01-31 00:51:49,724 - INFO - XGBoost training complete.
2025-01-31 00:51:50,020 - INFO - Evaluating model.
2025-01-31 00:51:50,184 - INFO - Model evaluation complete.
2025-01-31 00:51:50,186 - INFO - Confusion matrix saved at o/75opt-smote/f1/validation_confusion_matrix_initial.csv
2025-01-31 00:51:50,680 - INFO - Starting SHAP analysis.
2025-01-31 00:52:04,621 - INFO - SHAP analysis complete.
2025-01-31 00:52:04,919 - INFO - Model saved at o/75opt-smote/f1/final_model.json
2025-01-31 00:52:04,922 - INFO - Optuna optimization for balanced accuracy
2025-01-31 02:55:54,026 - INFO - Starting XGBoost training.
2025-01-31 02:56:08,510 - INFO - XGBoost training complete.
2025-01-31 02:56:08,729 - INFO - Evaluating model.
2025-01-31 02:56:08,832 - INFO - Model evaluation complete.
2025-01-31 02:56:08,834 - INFO - Confusion matrix saved at o/75opt-smote/balanced_accuracy/validation_confusion_matrix_initial.csv
2025-01-31 02:56:09,057 - INFO - Starting SHAP analysis.
2025-01-31 02:56:19,469 - INFO - SHAP analysis complete.
2025-01-31 02:56:19,885 - INFO - Model saved at o/75opt-smote/balanced_accuracy/final_model.json
2025-01-31 02:56:19,888 - INFO - Optuna optimization for precision
2025-01-31 05:05:01,396 - INFO - Starting XGBoost training.
2025-01-31 05:05:06,860 - INFO - XGBoost training complete.
2025-01-31 05:05:07,097 - INFO - Evaluating model.
2025-01-31 05:05:07,194 - INFO - Model evaluation complete.
2025-01-31 05:05:07,196 - INFO - Confusion matrix saved at o/75opt-smote/precision/validation_confusion_matrix_initial.csv
2025-01-31 05:05:07,399 - INFO - Starting SHAP analysis.
2025-01-31 05:05:17,041 - INFO - SHAP analysis complete.
2025-01-31 05:05:17,304 - INFO - Model saved at o/75opt-smote/precision/final_model.json
2025-01-31 05:05:17,307 - INFO - Optuna optimization for recall
2025-01-31 06:39:40,143 - INFO - Starting XGBoost training.
2025-01-31 06:39:50,271 - INFO - XGBoost training complete.
2025-01-31 06:39:50,529 - INFO - Evaluating model.
2025-01-31 06:39:50,627 - INFO - Model evaluation complete.
2025-01-31 06:39:50,629 - INFO - Confusion matrix saved at o/75opt-smote/recall/validation_confusion_matrix_initial.csv
2025-01-31 06:39:50,832 - INFO - Starting SHAP analysis.
2025-01-31 06:40:01,034 - INFO - SHAP analysis complete.
2025-01-31 06:40:01,314 - INFO - Model saved at o/75opt-smote/recall/final_model.json
2025-01-31 06:40:01,317 - INFO - Optuna optimization for accuracy
2025-01-31 09:45:09,340 - INFO - Starting XGBoost training.
2025-01-31 09:45:24,892 - INFO - XGBoost training complete.
2025-01-31 09:45:25,124 - INFO - Evaluating model.
2025-01-31 09:45:25,237 - INFO - Model evaluation complete.
2025-01-31 09:45:25,239 - INFO - Confusion matrix saved at o/75opt-smote/accuracy/validation_confusion_matrix_initial.csv
2025-01-31 09:45:25,466 - INFO - Starting SHAP analysis.
2025-01-31 09:45:38,955 - INFO - SHAP analysis complete.
2025-01-31 09:45:39,264 - INFO - Model saved at o/75opt-smote/accuracy/final_model.json
2025-01-31 09:45:39,267 - INFO - Optuna optimization for auc
2025-01-31 12:42:56,815 - INFO - Starting XGBoost training.
2025-01-31 12:43:11,595 - INFO - XGBoost training complete.
2025-01-31 12:43:11,936 - INFO - Evaluating model.
2025-01-31 12:43:12,047 - INFO - Model evaluation complete.
2025-01-31 12:43:12,050 - INFO - Confusion matrix saved at o/75opt-smote/auc/validation_confusion_matrix_initial.csv
2025-01-31 12:43:12,292 - INFO - Starting SHAP analysis.
2025-01-31 12:43:29,361 - INFO - SHAP analysis complete.
2025-01-31 12:43:29,688 - INFO - Model saved at o/75opt-smote/auc/final_model.json
